[0m12:38:48.769593 [debug] [MainThread]: Sending event: {'category': 'dbt', 'action': 'invocation', 'label': 'start', 'context': [<snowplow_tracker.self_describing_json.SelfDescribingJson object at 0x104b74370>, <snowplow_tracker.self_describing_json.SelfDescribingJson object at 0x105b19460>, <snowplow_tracker.self_describing_json.SelfDescribingJson object at 0x105b19250>]}


============================== 12:38:48.773768 | a1650e13-ab46-42ea-b08f-4b6d315d4a1b ==============================
[0m12:38:48.773768 [info ] [MainThread]: Running with dbt=1.9.2
[0m12:38:48.774552 [debug] [MainThread]: running dbt with arguments {'printer_width': '80', 'indirect_selection': 'eager', 'write_json': 'True', 'log_cache_events': 'False', 'partial_parse': 'True', 'cache_selected_only': 'False', 'profiles_dir': '/Users/ayushikatyayan/.dbt', 'fail_fast': 'False', 'warn_error': 'None', 'log_path': '/Users/ayushikatyayan/Develop/DBT_CAPSTONE_PROJECT/docs/challenges/15_add_variables/logs', 'debug': 'False', 'version_check': 'True', 'use_colors': 'True', 'use_experimental_parser': 'False', 'no_print': 'None', 'quiet': 'False', 'empty': 'None', 'log_format': 'default', 'introspect': 'True', 'invocation_command': 'dbt ', 'static_parser': 'True', 'target_path': 'None', 'warn_error_options': 'WarnErrorOptions(include=[], exclude=[])', 'send_anonymous_usage_stats': 'True'}
[0m12:38:48.853262 [debug] [MainThread]: Sending event: {'category': 'dbt', 'action': 'project_id', 'label': 'a1650e13-ab46-42ea-b08f-4b6d315d4a1b', 'context': [<snowplow_tracker.self_describing_json.SelfDescribingJson object at 0x105b08340>]}
[0m12:38:48.858746 [info ] [MainThread]: Warning: No packages were found in packages.yml
[0m12:38:48.859244 [info ] [MainThread]: Warning: No packages were found in packages.yml
[0m12:38:48.860124 [debug] [MainThread]: Resource report: {"command_name": "deps", "command_success": true, "command_wall_clock_time": 0.13761221, "process_in_blocks": "0", "process_kernel_time": 0.09608, "process_mem_max_rss": "93257728", "process_out_blocks": "0", "process_user_time": 0.906183}
[0m12:38:48.860385 [debug] [MainThread]: Command `cli deps` succeeded at 12:38:48.860329 after 0.14 seconds
[0m12:38:48.860581 [debug] [MainThread]: Sending event: {'category': 'dbt', 'action': 'invocation', 'label': 'end', 'context': [<snowplow_tracker.self_describing_json.SelfDescribingJson object at 0x104b74370>, <snowplow_tracker.self_describing_json.SelfDescribingJson object at 0x105c5a790>, <snowplow_tracker.self_describing_json.SelfDescribingJson object at 0x105c74f70>]}
[0m12:38:48.860773 [debug] [MainThread]: Flushing usage events
[0m12:38:50.080932 [debug] [MainThread]: An error was encountered while trying to flush usage events
[0m12:39:13.181995 [debug] [MainThread]: Sending event: {'category': 'dbt', 'action': 'invocation', 'label': 'start', 'context': [<snowplow_tracker.self_describing_json.SelfDescribingJson object at 0x1032d7400>, <snowplow_tracker.self_describing_json.SelfDescribingJson object at 0x104597460>, <snowplow_tracker.self_describing_json.SelfDescribingJson object at 0x104597280>]}


============================== 12:39:13.186619 | 8ac7c289-ecc5-4498-b9d5-991b155df9ec ==============================
[0m12:39:13.186619 [info ] [MainThread]: Running with dbt=1.9.2
[0m12:39:13.186984 [debug] [MainThread]: running dbt with arguments {'printer_width': '80', 'indirect_selection': 'eager', 'write_json': 'True', 'log_cache_events': 'False', 'partial_parse': 'True', 'cache_selected_only': 'False', 'profiles_dir': '/Users/ayushikatyayan/.dbt', 'debug': 'False', 'warn_error': 'None', 'log_path': '/Users/ayushikatyayan/Develop/DBT_CAPSTONE_PROJECT/docs/challenges/15_add_variables/logs', 'fail_fast': 'False', 'version_check': 'True', 'use_colors': 'True', 'use_experimental_parser': 'False', 'empty': 'None', 'quiet': 'False', 'no_print': 'None', 'log_format': 'default', 'invocation_command': 'dbt ', 'warn_error_options': 'WarnErrorOptions(include=[], exclude=[])', 'introspect': 'True', 'target_path': 'None', 'static_parser': 'True', 'send_anonymous_usage_stats': 'True'}
[0m12:39:13.264257 [debug] [MainThread]: Sending event: {'category': 'dbt', 'action': 'project_id', 'label': '8ac7c289-ecc5-4498-b9d5-991b155df9ec', 'context': [<snowplow_tracker.self_describing_json.SelfDescribingJson object at 0x1024312e0>]}
[0m12:39:13.270738 [info ] [MainThread]: Warning: No packages were found in packages.yml
[0m12:39:13.271327 [info ] [MainThread]: Warning: No packages were found in packages.yml
[0m12:39:13.272136 [debug] [MainThread]: Resource report: {"command_name": "deps", "command_success": true, "command_wall_clock_time": 0.14103958, "process_in_blocks": "0", "process_kernel_time": 0.107563, "process_mem_max_rss": "92717056", "process_out_blocks": "0", "process_user_time": 0.953394}
[0m12:39:13.272363 [debug] [MainThread]: Command `cli deps` succeeded at 12:39:13.272314 after 0.14 seconds
[0m12:39:13.272551 [debug] [MainThread]: Sending event: {'category': 'dbt', 'action': 'invocation', 'label': 'end', 'context': [<snowplow_tracker.self_describing_json.SelfDescribingJson object at 0x1032d7400>, <snowplow_tracker.self_describing_json.SelfDescribingJson object at 0x1046da5e0>, <snowplow_tracker.self_describing_json.SelfDescribingJson object at 0x1024312e0>]}
[0m12:39:13.272743 [debug] [MainThread]: Flushing usage events
[0m12:39:14.630508 [debug] [MainThread]: An error was encountered while trying to flush usage events
