[0m10:58:14.567951 [debug] [MainThread]: Sending event: {'category': 'dbt', 'action': 'invocation', 'label': 'start', 'context': [<snowplow_tracker.self_describing_json.SelfDescribingJson object at 0x111661fc0>, <snowplow_tracker.self_describing_json.SelfDescribingJson object at 0x113d569b0>, <snowplow_tracker.self_describing_json.SelfDescribingJson object at 0x113d56ce0>]}


============================== 10:58:14.570095 | 9f2db269-3e06-4513-802e-bfcf8c967333 ==============================
[0m10:58:14.570095 [info ] [MainThread]: Running with dbt=1.7.4
[0m10:58:14.570747 [debug] [MainThread]: running dbt with arguments {'printer_width': '80', 'indirect_selection': 'eager', 'write_json': 'True', 'log_cache_events': 'False', 'partial_parse': 'True', 'cache_selected_only': 'False', 'profiles_dir': '/Users/khushibhatia/.dbt', 'version_check': 'True', 'debug': 'False', 'log_path': '/Users/khushibhatia/Develop/DBT_CAPSTONE_PROJECT/docs/challenges/14_add_intermediate_models/logs', 'fail_fast': 'False', 'warn_error': 'None', 'use_colors': 'True', 'use_experimental_parser': 'False', 'no_print': 'None', 'quiet': 'False', 'warn_error_options': 'WarnErrorOptions(include=[], exclude=[])', 'static_parser': 'True', 'log_format': 'default', 'invocation_command': 'dbt ', 'target_path': 'None', 'introspect': 'True', 'send_anonymous_usage_stats': 'True'}
[0m10:58:14.617866 [debug] [MainThread]: Sending event: {'category': 'dbt', 'action': 'project_id', 'label': '9f2db269-3e06-4513-802e-bfcf8c967333', 'context': [<snowplow_tracker.self_describing_json.SelfDescribingJson object at 0x113de91b0>]}
[0m10:58:14.618265 [info ] [MainThread]: Warning: No packages were found in packages.yml
[0m10:58:14.618671 [info ] [MainThread]: Warning: No packages were found in packages.yml
[0m10:58:14.619629 [debug] [MainThread]: Resource report: {"command_name": "deps", "command_success": true, "command_wall_clock_time": 0.08989941, "process_user_time": 1.391248, "process_kernel_time": 0.11177, "process_mem_max_rss": "107806720", "process_in_blocks": "0", "process_out_blocks": "0"}
[0m10:58:14.619910 [debug] [MainThread]: Command `cli deps` succeeded at 10:58:14.619843 after 0.09 seconds
[0m10:58:14.620098 [debug] [MainThread]: Sending event: {'category': 'dbt', 'action': 'invocation', 'label': 'end', 'context': [<snowplow_tracker.self_describing_json.SelfDescribingJson object at 0x111661fc0>, <snowplow_tracker.self_describing_json.SelfDescribingJson object at 0x113de8190>, <snowplow_tracker.self_describing_json.SelfDescribingJson object at 0x113dccf70>]}
[0m10:58:14.620273 [debug] [MainThread]: Flushing usage events
[0m10:58:15.590686 [debug] [MainThread]: Error sending anonymous usage statistics. Disabling tracking for this execution. If you wish to permanently disable tracking, see: https://docs.getdbt.com/reference/global-configs#send-anonymous-usage-stats.
[0m12:41:03.055258 [debug] [MainThread]: Sending event: {'category': 'dbt', 'action': 'invocation', 'label': 'start', 'context': [<snowplow_tracker.self_describing_json.SelfDescribingJson object at 0x119a2dff0>, <snowplow_tracker.self_describing_json.SelfDescribingJson object at 0x11c2569b0>, <snowplow_tracker.self_describing_json.SelfDescribingJson object at 0x11c256ce0>]}


============================== 12:41:03.059887 | 67030fa8-cdd3-467b-b794-0a5f4e38e854 ==============================
[0m12:41:03.059887 [info ] [MainThread]: Running with dbt=1.7.4
[0m12:41:03.060280 [debug] [MainThread]: running dbt with arguments {'printer_width': '80', 'indirect_selection': 'eager', 'write_json': 'True', 'log_cache_events': 'False', 'partial_parse': 'True', 'cache_selected_only': 'False', 'profiles_dir': '/Users/khushibhatia/.dbt', 'version_check': 'True', 'fail_fast': 'False', 'log_path': '/Users/khushibhatia/Develop/DBT_CAPSTONE_PROJECT/docs/challenges/14_add_intermediate_models/logs', 'warn_error': 'None', 'debug': 'False', 'use_colors': 'True', 'use_experimental_parser': 'False', 'no_print': 'None', 'quiet': 'False', 'log_format': 'default', 'invocation_command': 'dbt ', 'introspect': 'True', 'static_parser': 'True', 'target_path': 'None', 'warn_error_options': 'WarnErrorOptions(include=[], exclude=[])', 'send_anonymous_usage_stats': 'True'}
[0m12:41:03.119763 [debug] [MainThread]: Sending event: {'category': 'dbt', 'action': 'project_id', 'label': '67030fa8-cdd3-467b-b794-0a5f4e38e854', 'context': [<snowplow_tracker.self_describing_json.SelfDescribingJson object at 0x11c2ed1b0>]}
[0m12:41:03.120211 [info ] [MainThread]: Warning: No packages were found in packages.yml
[0m12:41:03.120987 [info ] [MainThread]: Warning: No packages were found in packages.yml
[0m12:41:03.123008 [debug] [MainThread]: Resource report: {"command_name": "deps", "command_success": true, "command_wall_clock_time": 0.10078216, "process_user_time": 1.435674, "process_kernel_time": 0.118074, "process_mem_max_rss": "107331584", "process_in_blocks": "0", "process_out_blocks": "0"}
[0m12:41:03.123353 [debug] [MainThread]: Command `cli deps` succeeded at 12:41:03.123279 after 0.10 seconds
[0m12:41:03.123551 [debug] [MainThread]: Sending event: {'category': 'dbt', 'action': 'invocation', 'label': 'end', 'context': [<snowplow_tracker.self_describing_json.SelfDescribingJson object at 0x119a2dff0>, <snowplow_tracker.self_describing_json.SelfDescribingJson object at 0x11c2ed9c0>, <snowplow_tracker.self_describing_json.SelfDescribingJson object at 0x11c2d0f70>]}
[0m12:41:03.123745 [debug] [MainThread]: Flushing usage events
[0m12:41:03.991013 [debug] [MainThread]: Error sending anonymous usage statistics. Disabling tracking for this execution. If you wish to permanently disable tracking, see: https://docs.getdbt.com/reference/global-configs#send-anonymous-usage-stats.
