[0m12:38:48.792478 [debug] [MainThread]: Sending event: {'category': 'dbt', 'action': 'invocation', 'label': 'start', 'context': [<snowplow_tracker.self_describing_json.SelfDescribingJson object at 0x104673460>, <snowplow_tracker.self_describing_json.SelfDescribingJson object at 0x105717c10>, <snowplow_tracker.self_describing_json.SelfDescribingJson object at 0x105717df0>]}


============================== 12:38:48.796121 | f406dbfc-6183-4c29-a7c1-52a2d7774b81 ==============================
[0m12:38:48.796121 [info ] [MainThread]: Running with dbt=1.9.2
[0m12:38:48.796523 [debug] [MainThread]: running dbt with arguments {'printer_width': '80', 'indirect_selection': 'eager', 'write_json': 'True', 'log_cache_events': 'False', 'partial_parse': 'True', 'cache_selected_only': 'False', 'profiles_dir': '/Users/ayushikatyayan/.dbt', 'debug': 'False', 'fail_fast': 'False', 'log_path': '/Users/ayushikatyayan/Develop/DBT_CAPSTONE_PROJECT/docs/challenges/17_add_marts_core_models/logs', 'version_check': 'True', 'warn_error': 'None', 'use_colors': 'True', 'use_experimental_parser': 'False', 'no_print': 'None', 'quiet': 'False', 'empty': 'None', 'log_format': 'default', 'invocation_command': 'dbt ', 'static_parser': 'True', 'introspect': 'True', 'target_path': 'None', 'warn_error_options': 'WarnErrorOptions(include=[], exclude=[])', 'send_anonymous_usage_stats': 'True'}
[0m12:38:48.868607 [debug] [MainThread]: Sending event: {'category': 'dbt', 'action': 'project_id', 'label': 'f406dbfc-6183-4c29-a7c1-52a2d7774b81', 'context': [<snowplow_tracker.self_describing_json.SelfDescribingJson object at 0x10570a490>]}
[0m12:38:48.874766 [debug] [MainThread]: Set downloads directory='/var/folders/7g/fgf954d16f30kjnj4ry8ctnr0000gn/T/dbt-downloads-b8ed9zlp'
[0m12:38:48.875158 [debug] [MainThread]: Making package index registry request: GET https://hub.getdbt.com/api/v1/index.json
[0m12:38:49.360250 [debug] [MainThread]: Response from registry index: GET https://hub.getdbt.com/api/v1/index.json 200
[0m12:38:49.362380 [debug] [MainThread]: Making package registry request: GET https://hub.getdbt.com/api/v1/dbt-labs/dbt_utils.json
[0m12:38:49.501370 [debug] [MainThread]: Response from registry: GET https://hub.getdbt.com/api/v1/dbt-labs/dbt_utils.json 200
[0m12:38:49.523918 [info ] [MainThread]: Updating lock file in file path: /Users/ayushikatyayan/Develop/DBT_CAPSTONE_PROJECT/docs/challenges/17_add_marts_core_models/package-lock.yml
[0m12:38:49.525457 [debug] [MainThread]: Set downloads directory='/var/folders/7g/fgf954d16f30kjnj4ry8ctnr0000gn/T/dbt-downloads-youizoe6'
[0m12:38:49.527739 [info ] [MainThread]: Installing dbt-labs/dbt_utils
[0m12:38:50.632076 [info ] [MainThread]: Installed from version 1.1.1
[0m12:38:50.632349 [info ] [MainThread]: Updated version available: 1.3.0
[0m12:38:50.632686 [debug] [MainThread]: Sending event: {'category': 'dbt', 'action': 'package', 'label': 'f406dbfc-6183-4c29-a7c1-52a2d7774b81', 'property_': 'install', 'context': [<snowplow_tracker.self_describing_json.SelfDescribingJson object at 0x1047f94c0>, <snowplow_tracker.self_describing_json.SelfDescribingJson object at 0x1058a5af0>]}
[0m12:38:50.632938 [info ] [MainThread]: 
[0m12:38:50.633159 [info ] [MainThread]: Updates available for packages: ['dbt-labs/dbt_utils']                 
Update your versions in packages.yml, then run dbt deps
[0m12:38:50.634580 [debug] [MainThread]: Resource report: {"command_name": "deps", "command_success": true, "command_wall_clock_time": 1.8935231, "process_in_blocks": "0", "process_kernel_time": 0.1486, "process_mem_max_rss": "95682560", "process_out_blocks": "0", "process_user_time": 0.994491}
[0m12:38:50.634848 [debug] [MainThread]: Command `cli deps` succeeded at 12:38:50.634788 after 1.89 seconds
[0m12:38:50.635065 [debug] [MainThread]: Sending event: {'category': 'dbt', 'action': 'invocation', 'label': 'end', 'context': [<snowplow_tracker.self_describing_json.SelfDescribingJson object at 0x104673460>, <snowplow_tracker.self_describing_json.SelfDescribingJson object at 0x10584cee0>, <snowplow_tracker.self_describing_json.SelfDescribingJson object at 0x10570a490>]}
[0m12:38:50.635283 [debug] [MainThread]: Flushing usage events
[0m12:38:51.888819 [debug] [MainThread]: An error was encountered while trying to flush usage events
[0m12:39:13.265247 [debug] [MainThread]: Sending event: {'category': 'dbt', 'action': 'invocation', 'label': 'start', 'context': [<snowplow_tracker.self_describing_json.SelfDescribingJson object at 0x109f353a0>, <snowplow_tracker.self_describing_json.SelfDescribingJson object at 0x10aed8430>, <snowplow_tracker.self_describing_json.SelfDescribingJson object at 0x10aed8280>]}


============================== 12:39:13.268424 | ccf9029d-55dd-4494-8d81-2ba70917f2f6 ==============================
[0m12:39:13.268424 [info ] [MainThread]: Running with dbt=1.9.2
[0m12:39:13.268785 [debug] [MainThread]: running dbt with arguments {'printer_width': '80', 'indirect_selection': 'eager', 'write_json': 'True', 'log_cache_events': 'False', 'partial_parse': 'True', 'cache_selected_only': 'False', 'warn_error': 'None', 'version_check': 'True', 'profiles_dir': '/Users/ayushikatyayan/.dbt', 'log_path': '/Users/ayushikatyayan/Develop/DBT_CAPSTONE_PROJECT/docs/challenges/17_add_marts_core_models/logs', 'debug': 'False', 'fail_fast': 'False', 'use_colors': 'True', 'use_experimental_parser': 'False', 'empty': 'None', 'quiet': 'False', 'no_print': 'None', 'log_format': 'default', 'introspect': 'True', 'static_parser': 'True', 'warn_error_options': 'WarnErrorOptions(include=[], exclude=[])', 'target_path': 'None', 'invocation_command': 'dbt ', 'send_anonymous_usage_stats': 'True'}
[0m12:39:13.333349 [debug] [MainThread]: Sending event: {'category': 'dbt', 'action': 'project_id', 'label': 'ccf9029d-55dd-4494-8d81-2ba70917f2f6', 'context': [<snowplow_tracker.self_describing_json.SelfDescribingJson object at 0x10a09f340>]}
[0m12:39:13.360367 [debug] [MainThread]: Set downloads directory='/var/folders/7g/fgf954d16f30kjnj4ry8ctnr0000gn/T/dbt-downloads-vya5dq41'
[0m12:39:13.360630 [debug] [MainThread]: Making package index registry request: GET https://hub.getdbt.com/api/v1/index.json
[0m12:39:14.403128 [debug] [MainThread]: Response from registry index: GET https://hub.getdbt.com/api/v1/index.json 200
[0m12:39:14.405088 [debug] [MainThread]: Making package registry request: GET https://hub.getdbt.com/api/v1/dbt-labs/dbt_utils.json
[0m12:39:15.004276 [debug] [MainThread]: Response from registry: GET https://hub.getdbt.com/api/v1/dbt-labs/dbt_utils.json 200
[0m12:39:15.011759 [info ] [MainThread]: Installing dbt-labs/dbt_utils
[0m12:39:15.978097 [info ] [MainThread]: Installed from version 1.1.1
[0m12:39:15.978381 [info ] [MainThread]: Updated version available: 1.3.0
[0m12:39:15.978768 [debug] [MainThread]: Sending event: {'category': 'dbt', 'action': 'package', 'label': 'ccf9029d-55dd-4494-8d81-2ba70917f2f6', 'property_': 'install', 'context': [<snowplow_tracker.self_describing_json.SelfDescribingJson object at 0x10af30eb0>, <snowplow_tracker.self_describing_json.SelfDescribingJson object at 0x10b065f40>]}
[0m12:39:15.979067 [info ] [MainThread]: 
[0m12:39:15.979444 [info ] [MainThread]: Updates available for packages: ['dbt-labs/dbt_utils']                 
Update your versions in packages.yml, then run dbt deps
[0m12:39:15.982026 [debug] [MainThread]: Resource report: {"command_name": "deps", "command_success": true, "command_wall_clock_time": 2.768986, "process_in_blocks": "0", "process_kernel_time": 0.16898, "process_mem_max_rss": "95780864", "process_out_blocks": "0", "process_user_time": 1.029211}
[0m12:39:15.982492 [debug] [MainThread]: Command `cli deps` succeeded at 12:39:15.982390 after 2.77 seconds
[0m12:39:15.982719 [debug] [MainThread]: Sending event: {'category': 'dbt', 'action': 'invocation', 'label': 'end', 'context': [<snowplow_tracker.self_describing_json.SelfDescribingJson object at 0x109f353a0>, <snowplow_tracker.self_describing_json.SelfDescribingJson object at 0x10af7b250>, <snowplow_tracker.self_describing_json.SelfDescribingJson object at 0x10a0967c0>]}
[0m12:39:15.982926 [debug] [MainThread]: Flushing usage events
[0m12:39:17.235909 [debug] [MainThread]: An error was encountered while trying to flush usage events
